<?xml version="1.0" encoding="UTF-8"?>
<testng-results ignored="0" total="4" passed="2" failed="2" skipped="0">
  <reporter-output>
  </reporter-output>
  <suite started-at="2023-02-07T08:55:19 IST" name="Default suite" finished-at="2023-02-07T08:55:51 IST" duration-ms="32286">
    <groups>
      <group name="cucumber">
        <method signature="AbstractTestNGCucumberTests.runScenario(io.cucumber.testng.PickleWrapper,io.cucumber.testng.FeatureWrapper)[pri:0, instance:runnerfiles.RunnerClass$runnerfiles@5b218417]" name="runScenario" class="io.cucumber.testng.AbstractTestNGCucumberTests"/>
      </group> <!-- cucumber -->
    </groups>
    <test started-at="2023-02-07T08:55:19 IST" name="Default test" finished-at="2023-02-07T08:55:51 IST" duration-ms="32286">
      <class name="runnerfiles.RunnerClass$runnerfiles">
        <test-method is-config="true" signature="setUpClass(org.testng.ITestContext)[pri:0, instance:runnerfiles.RunnerClass$runnerfiles@5b218417]" started-at="2023-02-07T08:55:19 IST" name="setUpClass" finished-at="2023-02-07T08:55:20 IST" duration-ms="836" status="PASS">
          <params>
            <param index="0">
              <value>
                <![CDATA[org.testng.TestRunner@4248b963]]>
              </value>
            </param>
          </params>
          <reporter-output>
          </reporter-output>
        </test-method> <!-- setUpClass -->
        <test-method signature="runScenario(io.cucumber.testng.PickleWrapper,io.cucumber.testng.FeatureWrapper)[pri:0, instance:runnerfiles.RunnerClass$runnerfiles@5b218417]" started-at="2023-02-07T08:55:20 IST" name="runScenario" description="Runs Cucumber Scenarios" data-provider="scenarios" finished-at="2023-02-07T08:55:50 IST" duration-ms="30292" status="PASS">
          <params>
            <param index="0">
              <value>
                <![CDATA["search item in greenkart and top dealsb"]]>
              </value>
            </param>
            <param index="1">
              <value>
                <![CDATA["Automate Search option in GreenKart"]]>
              </value>
            </param>
          </params>
          <reporter-output>
          </reporter-output>
        </test-method> <!-- runScenario -->
        <test-method signature="runScenario(io.cucumber.testng.PickleWrapper,io.cucumber.testng.FeatureWrapper)[pri:0, instance:runnerfiles.RunnerClass$runnerfiles@5b218417]" started-at="2023-02-07T08:55:20 IST" name="runScenario" description="Runs Cucumber Scenarios" data-provider="scenarios" finished-at="2023-02-07T08:55:51 IST" duration-ms="31047" status="FAIL">
          <params>
            <param index="0">
              <value>
                <![CDATA["Search items and add to cart and then check same items appear in checkout"]]>
              </value>
            </param>
            <param index="1">
              <value>
                <![CDATA["Automate Search option in GreenKart"]]>
              </value>
            </param>
          </params>
          <exception class="java.lang.AssertionError">
            <message>
              <![CDATA[expected [Brocolli] but found [Almonds]]]>
            </message>
            <full-stacktrace>
              <![CDATA[java.lang.AssertionError: expected [Brocolli] but found [Almonds]
at org.testng.Assert.fail(Assert.java:110)
at org.testng.Assert.failNotEquals(Assert.java:1577)
at org.testng.Assert.assertEqualsImpl(Assert.java:149)
at org.testng.Assert.assertEquals(Assert.java:131)
at org.testng.Assert.assertEquals(Assert.java:655)
at org.testng.Assert.assertEquals(Assert.java:665)
at stepdefinitions.PlaceOrder.check_whether_items_passed_to_scenario_and_properly_added(PlaceOrder.java:42)
at ✽.check whether items passed to scenario and properly added(file:///C:/Users/kowshik%20bikkina/eclipse-workspace/CucumberWithDepInjection/src/test/java/features/AddItems.feature:13)
]]>
            </full-stacktrace>
          </exception> <!-- java.lang.AssertionError -->
          <reporter-output>
          </reporter-output>
        </test-method> <!-- runScenario -->
        <test-method signature="runScenario(io.cucumber.testng.PickleWrapper,io.cucumber.testng.FeatureWrapper)[pri:0, instance:runnerfiles.RunnerClass$runnerfiles@5b218417]" started-at="2023-02-07T08:55:20 IST" name="runScenario" description="Runs Cucumber Scenarios" data-provider="scenarios" finished-at="2023-02-07T08:55:50 IST" duration-ms="30249" status="PASS">
          <params>
            <param index="0">
              <value>
                <![CDATA["search item in greenkart and top dealsc"]]>
              </value>
            </param>
            <param index="1">
              <value>
                <![CDATA["Automate Search option in GreenKart"]]>
              </value>
            </param>
          </params>
          <reporter-output>
          </reporter-output>
        </test-method> <!-- runScenario -->
        <test-method signature="runScenario(io.cucumber.testng.PickleWrapper,io.cucumber.testng.FeatureWrapper)[pri:0, instance:runnerfiles.RunnerClass$runnerfiles@5b218417]" started-at="2023-02-07T08:55:20 IST" name="runScenario" description="Runs Cucumber Scenarios" data-provider="scenarios" finished-at="2023-02-07T08:55:50 IST" duration-ms="30434" status="FAIL">
          <params>
            <param index="0">
              <value>
                <![CDATA["Search items and add to cart and then check same items appear in checkout"]]>
              </value>
            </param>
            <param index="1">
              <value>
                <![CDATA["Automate Search option in GreenKart"]]>
              </value>
            </param>
          </params>
          <exception class="java.lang.AssertionError">
            <message>
              <![CDATA[expected [Pears] but found [Pomegranate]]]>
            </message>
            <full-stacktrace>
              <![CDATA[java.lang.AssertionError: expected [Pears] but found [Pomegranate]
at org.testng.Assert.fail(Assert.java:110)
at org.testng.Assert.failNotEquals(Assert.java:1577)
at org.testng.Assert.assertEqualsImpl(Assert.java:149)
at org.testng.Assert.assertEquals(Assert.java:131)
at org.testng.Assert.assertEquals(Assert.java:655)
at org.testng.Assert.assertEquals(Assert.java:665)
at stepdefinitions.PlaceOrder.check_whether_items_passed_to_scenario_and_properly_added(PlaceOrder.java:42)
at ✽.check whether items passed to scenario and properly added(file:///C:/Users/kowshik%20bikkina/eclipse-workspace/CucumberWithDepInjection/src/test/java/features/AddItems.feature:13)
]]>
            </full-stacktrace>
          </exception> <!-- java.lang.AssertionError -->
          <reporter-output>
          </reporter-output>
        </test-method> <!-- runScenario -->
        <test-method is-config="true" signature="tearDownClass()[pri:0, instance:runnerfiles.RunnerClass$runnerfiles@5b218417]" started-at="2023-02-07T08:55:51 IST" name="tearDownClass" finished-at="2023-02-07T08:55:51 IST" duration-ms="348" status="PASS">
          <reporter-output>
          </reporter-output>
        </test-method> <!-- tearDownClass -->
      </class> <!-- runnerfiles.RunnerClass$runnerfiles -->
    </test> <!-- Default test -->
  </suite> <!-- Default suite -->
</testng-results>
